[debug] [2021-05-27T19:13:01.643Z] ----------------------------------------------------------------------
[debug] [2021-05-27T19:13:01.645Z] Command:       /usr/local/bin/node /Users/ductannguyen/.npm-global/bin/firebase serve --only functions,hosting
[debug] [2021-05-27T19:13:01.645Z] CLI Version:   9.12.0
[debug] [2021-05-27T19:13:01.645Z] Platform:      darwin
[debug] [2021-05-27T19:13:01.645Z] Node Version:  v14.16.1
[debug] [2021-05-27T19:13:01.646Z] Time:          Fri May 28 2021 02:13:01 GMT+0700 (Indochina Time)
[debug] [2021-05-27T19:13:01.646Z] ----------------------------------------------------------------------
[debug] 
[debug] [2021-05-27T19:13:01.653Z] > command requires scopes: ["email","openid","https://www.googleapis.com/auth/cloudplatformprojects.readonly","https://www.googleapis.com/auth/firebase","https://www.googleapis.com/auth/cloud-platform"]
[debug] [2021-05-27T19:13:01.653Z] > authorizing via signed-in user (s2akashis2@gmail.com)
[debug] [2021-05-27T19:13:01.653Z] [iam] checking project asrbackend-3f0b2 for permissions ["firebase.projects.get"]
[debug] [2021-05-27T19:13:01.655Z] > refreshing access token with scopes: ["email","https://www.googleapis.com/auth/cloud-platform","https://www.googleapis.com/auth/cloudplatformprojects.readonly","https://www.googleapis.com/auth/firebase","openid"]
[debug] [2021-05-27T19:13:01.655Z] >>> HTTP REQUEST POST https://www.googleapis.com/oauth2/v3/token  
 <request body omitted>
[debug] [2021-05-27T19:13:01.872Z] <<< HTTP RESPONSE 200 {"expires":"Mon, 01 Jan 1990 00:00:00 GMT","pragma":"no-cache","date":"Thu, 27 May 2021 19:13:01 GMT","cache-control":"no-cache, no-store, max-age=0, must-revalidate","content-type":"application/json; charset=utf-8","vary":"X-Origin, Referer, Origin,Accept-Encoding","server":"scaffolding on HTTPServer2","x-xss-protection":"0","x-frame-options":"SAMEORIGIN","x-content-type-options":"nosniff","alt-svc":"h3-29=\":443\"; ma=2592000,h3-T051=\":443\"; ma=2592000,h3-Q050=\":443\"; ma=2592000,h3-Q046=\":443\"; ma=2592000,h3-Q043=\":443\"; ma=2592000,quic=\":443\"; ma=2592000; v=\"46,43\"","accept-ranges":"none","transfer-encoding":"chunked"}
[debug] [2021-05-27T19:13:01.924Z] >>> HTTP REQUEST POST https://cloudresourcemanager.googleapis.com/v1/projects/asrbackend-3f0b2:testIamPermissions  
 {"permissions":["firebase.projects.get"]}
[debug] [2021-05-27T19:13:02.952Z] <<< HTTP RESPONSE 200 {"content-type":"application/json; charset=UTF-8","vary":"X-Origin, Referer, Origin,Accept-Encoding","date":"Thu, 27 May 2021 19:13:02 GMT","server":"ESF","cache-control":"private","x-xss-protection":"0","x-frame-options":"SAMEORIGIN","x-content-type-options":"nosniff","server-timing":"gfet4t7; dur=828","alt-svc":"h3-29=\":443\"; ma=2592000,h3-T051=\":443\"; ma=2592000,h3-Q050=\":443\"; ma=2592000,h3-Q046=\":443\"; ma=2592000,h3-Q043=\":443\"; ma=2592000,quic=\":443\"; ma=2592000; v=\"46,43\"","accept-ranges":"none","transfer-encoding":"chunked"}
[debug] [2021-05-27T19:13:02.955Z] > refreshing access token with scopes: []
[debug] [2021-05-27T19:13:02.955Z] >>> HTTP REQUEST POST https://www.googleapis.com/oauth2/v3/token  
 <request body omitted>
[debug] [2021-05-27T19:13:03.128Z] <<< HTTP RESPONSE 200 {"expires":"Mon, 01 Jan 1990 00:00:00 GMT","cache-control":"no-cache, no-store, max-age=0, must-revalidate","pragma":"no-cache","date":"Thu, 27 May 2021 19:13:03 GMT","content-type":"application/json; charset=utf-8","vary":"X-Origin, Referer, Origin,Accept-Encoding","server":"scaffolding on HTTPServer2","x-xss-protection":"0","x-frame-options":"SAMEORIGIN","x-content-type-options":"nosniff","alt-svc":"h3-29=\":443\"; ma=2592000,h3-T051=\":443\"; ma=2592000,h3-Q050=\":443\"; ma=2592000,h3-Q046=\":443\"; ma=2592000,h3-Q043=\":443\"; ma=2592000,quic=\":443\"; ma=2592000; v=\"46,43\"","accept-ranges":"none","transfer-encoding":"chunked"}
[debug] [2021-05-27T19:13:03.196Z] >>> [apiv2][query] GET https://firebase.googleapis.com/v1beta1/projects/asrbackend-3f0b2 [none]
[debug] [2021-05-27T19:13:03.897Z] <<< [apiv2][status] GET https://firebase.googleapis.com/v1beta1/projects/asrbackend-3f0b2 200
[debug] [2021-05-27T19:13:03.898Z] <<< [apiv2][body] GET https://firebase.googleapis.com/v1beta1/projects/asrbackend-3f0b2 {"projectId":"asrbackend-3f0b2","projectNumber":"759751782625","displayName":"ASRBackEnd","name":"projects/asrbackend-3f0b2","resources":{"hostingSite":"asrbackend-3f0b2"},"state":"ACTIVE"}
[debug] [2021-05-27T19:13:03.902Z] >>> [apiv2][query] GET https://firebasehosting.googleapis.com/v1beta1/projects/asrbackend-3f0b2/sites 
[info] ✔  functions: Using node@14 from host. {"metadata":{"emulator":{"name":"functions"},"message":"Using node@14 from host."}}
[debug] [2021-05-27T19:13:03.932Z] defaultcredentials: writing to file /Users/ductannguyen/.config/firebase/s2akashis2_gmail_com_application_default_credentials.json
[debug] [2021-05-27T19:13:03.934Z] Setting GAC to /Users/ductannguyen/.config/firebase/s2akashis2_gmail_com_application_default_credentials.json {"metadata":{"emulator":{"name":"functions"},"message":"Setting GAC to /Users/ductannguyen/.config/firebase/s2akashis2_gmail_com_application_default_credentials.json"}}
[debug] [2021-05-27T19:13:03.935Z] >>> [apiv2][query] GET https://firebase.googleapis.com/v1beta1/projects/asrbackend-3f0b2/adminSdkConfig [none]
[debug] [2021-05-27T19:13:04.918Z] <<< [apiv2][status] GET https://firebase.googleapis.com/v1beta1/projects/asrbackend-3f0b2/adminSdkConfig 200
[debug] [2021-05-27T19:13:04.919Z] <<< [apiv2][body] GET https://firebase.googleapis.com/v1beta1/projects/asrbackend-3f0b2/adminSdkConfig {"projectId":"asrbackend-3f0b2","storageBucket":"asrbackend-3f0b2.appspot.com"}
[debug] [2021-05-27T19:13:05.066Z] <<< [apiv2][status] GET https://firebasehosting.googleapis.com/v1beta1/projects/asrbackend-3f0b2/sites 200
[debug] [2021-05-27T19:13:05.066Z] <<< [apiv2][body] GET https://firebasehosting.googleapis.com/v1beta1/projects/asrbackend-3f0b2/sites {"sites":[{"name":"projects/759751782625/sites/asrbackend-3f0b2","defaultUrl":"https://asrbackend-3f0b2.web.app","type":"DEFAULT_SITE"}]}
[debug] [2021-05-27T19:13:05.068Z] >>> [apiv2][query] GET https://firebase.googleapis.com/v1beta1/projects/asrbackend-3f0b2/webApps/-/config [none]
[debug] [2021-05-27T19:13:06.543Z] <<< [apiv2][status] GET https://firebase.googleapis.com/v1beta1/projects/asrbackend-3f0b2/webApps/-/config 200
[debug] [2021-05-27T19:13:06.543Z] <<< [apiv2][body] GET https://firebase.googleapis.com/v1beta1/projects/asrbackend-3f0b2/webApps/-/config {"projectId":"asrbackend-3f0b2","storageBucket":"asrbackend-3f0b2.appspot.com","apiKey":"AIzaSyDicHLk4hcbtH4tX3E5i28miqjJN-5mSQY","authDomain":"asrbackend-3f0b2.firebaseapp.com","messagingSenderId":"759751782625"}
[info] i  functions: Watching "/Users/ductannguyen/Desktop/ASRBackEnd/functions" for Cloud Functions... {"metadata":{"emulator":{"name":"functions"},"message":"Watching \"/Users/ductannguyen/Desktop/ASRBackEnd/functions\" for Cloud Functions..."}}
[debug] [2021-05-27T19:13:06.618Z] [worker-pool] addWorker(~diagnostic~) {"metadata":{"emulator":{"name":"functions"},"message":"[worker-pool] addWorker(~diagnostic~)"}}
[debug] [2021-05-27T19:13:06.619Z] [worker-pool] Adding worker with key ~diagnostic~, total=1 {"metadata":{"emulator":{"name":"functions"},"message":"[worker-pool] Adding worker with key ~diagnostic~, total=1"}}
[debug] [2021-05-27T19:13:06.619Z] [worker-pool] submitWork(triggerId=) {"metadata":{"emulator":{"name":"functions"},"message":"[worker-pool] submitWork(triggerId=)"}}
[debug] [2021-05-27T19:13:06.620Z] [worker-~diagnostic~-46f1dfc4-0196-4668-8e4b-6dad877066b7]: Assigning socketPath: /var/folders/39/25w5786x3hv1f0psqfxzp7m80000gn/T/fire_emu_31907.sock {"metadata":{"emulator":{"name":"functions"},"message":"[worker-~diagnostic~-46f1dfc4-0196-4668-8e4b-6dad877066b7]: Assigning socketPath: /var/folders/39/25w5786x3hv1f0psqfxzp7m80000gn/T/fire_emu_31907.sock"}}
[debug] [2021-05-27T19:13:06.620Z] [worker-~diagnostic~-46f1dfc4-0196-4668-8e4b-6dad877066b7]: BUSY {"metadata":{"emulator":{"name":"functions"},"message":"[worker-~diagnostic~-46f1dfc4-0196-4668-8e4b-6dad877066b7]: BUSY"}}
[info] i  hosting: Serving hosting files from: public {"metadata":{"emulator":{"name":"hosting"},"message":"Serving hosting files from: \u001b[1mpublic\u001b[22m"}}
[info] ✔  hosting: Local server: http://localhost:5000 {"metadata":{"emulator":{"name":"hosting"},"message":"Local server: \u001b[4m\u001b[1mhttp://localhost:5000\u001b[22m\u001b[24m"}}
[debug] [2021-05-27T19:13:06.722Z] [runtime-status] [31907] Functions runtime initialized. {"cwd":"/Users/ductannguyen/Desktop/ASRBackEnd/functions","node_version":"14.16.1"} {"metadata":{"emulator":{"name":"functions"},"message":"[runtime-status] [31907] Functions runtime initialized. {\"cwd\":\"/Users/ductannguyen/Desktop/ASRBackEnd/functions\",\"node_version\":\"14.16.1\"}"}}
[debug] [2021-05-27T19:13:06.722Z] [runtime-status] [31907] Disabled runtime features: undefined {"metadata":{"emulator":{"name":"functions"},"message":"[runtime-status] [31907] Disabled runtime features: undefined"}}
[debug] [2021-05-27T19:13:06.723Z] [runtime-status] [31907] Resolved module firebase-admin {"declared":true,"installed":true,"version":"9.9.0","resolution":"/Users/ductannguyen/Desktop/ASRBackEnd/functions/node_modules/firebase-admin/lib/index.js"} {"metadata":{"emulator":{"name":"functions"},"message":"[runtime-status] [31907] Resolved module firebase-admin {\"declared\":true,\"installed\":true,\"version\":\"9.9.0\",\"resolution\":\"/Users/ductannguyen/Desktop/ASRBackEnd/functions/node_modules/firebase-admin/lib/index.js\"}"}}
[debug] [2021-05-27T19:13:06.724Z] [runtime-status] [31907] Resolved module firebase-functions {"declared":true,"installed":true,"version":"3.14.1","resolution":"/Users/ductannguyen/Desktop/ASRBackEnd/functions/node_modules/firebase-functions/lib/index.js"} {"metadata":{"emulator":{"name":"functions"},"message":"[runtime-status] [31907] Resolved module firebase-functions {\"declared\":true,\"installed\":true,\"version\":\"3.14.1\",\"resolution\":\"/Users/ductannguyen/Desktop/ASRBackEnd/functions/node_modules/firebase-functions/lib/index.js\"}"}}
[debug] [2021-05-27T19:13:06.725Z] [runtime-status] [31907] Resolved module firebase-functions {"declared":true,"installed":true,"version":"3.14.1","resolution":"/Users/ductannguyen/Desktop/ASRBackEnd/functions/node_modules/firebase-functions/lib/index.js"} {"metadata":{"emulator":{"name":"functions"},"message":"[runtime-status] [31907] Resolved module firebase-functions {\"declared\":true,\"installed\":true,\"version\":\"3.14.1\",\"resolution\":\"/Users/ductannguyen/Desktop/ASRBackEnd/functions/node_modules/firebase-functions/lib/index.js\"}"}}
[debug] [2021-05-27T19:13:06.726Z] [runtime-status] [31907] Outgoing network have been stubbed. [{"name":"http","status":"mocked"},{"name":"http","status":"mocked"},{"name":"https","status":"mocked"},{"name":"https","status":"mocked"},{"name":"net","status":"mocked"}] {"metadata":{"emulator":{"name":"functions"},"message":"[runtime-status] [31907] Outgoing network have been stubbed. [{\"name\":\"http\",\"status\":\"mocked\"},{\"name\":\"http\",\"status\":\"mocked\"},{\"name\":\"https\",\"status\":\"mocked\"},{\"name\":\"https\",\"status\":\"mocked\"},{\"name\":\"net\",\"status\":\"mocked\"}]"}}
[debug] [2021-05-27T19:13:06.726Z] [runtime-status] [31907] Resolved module firebase-functions {"declared":true,"installed":true,"version":"3.14.1","resolution":"/Users/ductannguyen/Desktop/ASRBackEnd/functions/node_modules/firebase-functions/lib/index.js"} {"metadata":{"emulator":{"name":"functions"},"message":"[runtime-status] [31907] Resolved module firebase-functions {\"declared\":true,\"installed\":true,\"version\":\"3.14.1\",\"resolution\":\"/Users/ductannguyen/Desktop/ASRBackEnd/functions/node_modules/firebase-functions/lib/index.js\"}"}}
[debug] [2021-05-27T19:13:06.748Z] [runtime-status] [31907] Checked functions.config() {"config":{}} {"metadata":{"emulator":{"name":"functions"},"message":"[runtime-status] [31907] Checked functions.config() {\"config\":{}}"}}
[debug] [2021-05-27T19:13:06.748Z] [runtime-status] [31907] firebase-functions has been stubbed. {"functionsResolution":{"declared":true,"installed":true,"version":"3.14.1","resolution":"/Users/ductannguyen/Desktop/ASRBackEnd/functions/node_modules/firebase-functions/lib/index.js"}} {"metadata":{"emulator":{"name":"functions"},"message":"[runtime-status] [31907] firebase-functions has been stubbed. {\"functionsResolution\":{\"declared\":true,\"installed\":true,\"version\":\"3.14.1\",\"resolution\":\"/Users/ductannguyen/Desktop/ASRBackEnd/functions/node_modules/firebase-functions/lib/index.js\"}}"}}
[debug] [2021-05-27T19:13:06.748Z] [runtime-status] [31907] Resolved module firebase-functions {"declared":true,"installed":true,"version":"3.14.1","resolution":"/Users/ductannguyen/Desktop/ASRBackEnd/functions/node_modules/firebase-functions/lib/index.js"} {"metadata":{"emulator":{"name":"functions"},"message":"[runtime-status] [31907] Resolved module firebase-functions {\"declared\":true,\"installed\":true,\"version\":\"3.14.1\",\"resolution\":\"/Users/ductannguyen/Desktop/ASRBackEnd/functions/node_modules/firebase-functions/lib/index.js\"}"}}
[debug] [2021-05-27T19:13:06.748Z] [runtime-status] [31907] Resolved module firebase-admin {"declared":true,"installed":true,"version":"9.9.0","resolution":"/Users/ductannguyen/Desktop/ASRBackEnd/functions/node_modules/firebase-admin/lib/index.js"} {"metadata":{"emulator":{"name":"functions"},"message":"[runtime-status] [31907] Resolved module firebase-admin {\"declared\":true,\"installed\":true,\"version\":\"9.9.0\",\"resolution\":\"/Users/ductannguyen/Desktop/ASRBackEnd/functions/node_modules/firebase-admin/lib/index.js\"}"}}
[debug] [2021-05-27T19:13:06.748Z] [runtime-status] [31907] Resolved module firebase-functions {"declared":true,"installed":true,"version":"3.14.1","resolution":"/Users/ductannguyen/Desktop/ASRBackEnd/functions/node_modules/firebase-functions/lib/index.js"} {"metadata":{"emulator":{"name":"functions"},"message":"[runtime-status] [31907] Resolved module firebase-functions {\"declared\":true,\"installed\":true,\"version\":\"3.14.1\",\"resolution\":\"/Users/ductannguyen/Desktop/ASRBackEnd/functions/node_modules/firebase-functions/lib/index.js\"}"}}
[debug] [2021-05-27T19:13:06.749Z] [runtime-status] [31907] firebase-admin has been stubbed. {"adminResolution":{"declared":true,"installed":true,"version":"9.9.0","resolution":"/Users/ductannguyen/Desktop/ASRBackEnd/functions/node_modules/firebase-admin/lib/index.js"}} {"metadata":{"emulator":{"name":"functions"},"message":"[runtime-status] [31907] firebase-admin has been stubbed. {\"adminResolution\":{\"declared\":true,\"installed\":true,\"version\":\"9.9.0\",\"resolution\":\"/Users/ductannguyen/Desktop/ASRBackEnd/functions/node_modules/firebase-admin/lib/index.js\"}}"}}
[info] ✔  functions[us-central1-app]: http function initialized (http://localhost:5001/asrbackend-3f0b2/us-central1/app). {"metadata":{"emulator":{"name":"functions"},"message":"\u001b[1mhttp\u001b[22m function initialized (http://localhost:5001/asrbackend-3f0b2/us-central1/app)."}}
[debug] [2021-05-27T19:13:06.977Z] [worker-~diagnostic~-46f1dfc4-0196-4668-8e4b-6dad877066b7]: IDLE {"metadata":{"emulator":{"name":"functions"},"message":"[worker-~diagnostic~-46f1dfc4-0196-4668-8e4b-6dad877066b7]: IDLE"}}
[info] [hosting] Rewriting /speech to http://localhost:5001/asrbackend-3f0b2/us-central1/app for local Function app
[debug] [2021-05-27T19:13:14.530Z] >>> [apiv2][query] GET http://localhost:5001/asrbackend-3f0b2/us-central1/app/speech 
[debug] [2021-05-27T19:13:14.541Z] [work-queue] {"queueLength":1,"workRunningCount":0}
[debug] [2021-05-27T19:13:14.542Z] [work-queue] {"queueLength":0,"workRunningCount":1}
[debug] [2021-05-27T19:13:14.542Z] Accepted request GET /asrbackend-3f0b2/us-central1/app/speech --> us-central1-app
[debug] [2021-05-27T19:13:14.560Z] [worker-pool] addWorker(us-central1-app) {"metadata":{"emulator":{"name":"functions"},"message":"[worker-pool] addWorker(us-central1-app)"}}
[debug] [2021-05-27T19:13:14.561Z] [worker-pool] Adding worker with key us-central1-app, total=1 {"metadata":{"emulator":{"name":"functions"},"message":"[worker-pool] Adding worker with key us-central1-app, total=1"}}
[debug] [2021-05-27T19:13:14.562Z] [worker-pool] submitWork(triggerId=us-central1-app) {"metadata":{"emulator":{"name":"functions"},"message":"[worker-pool] submitWork(triggerId=us-central1-app)"}}
[debug] [2021-05-27T19:13:14.562Z] [worker-us-central1-app-198c8b7e-343b-41dc-9340-aebcb585f543]: Assigning socketPath: /var/folders/39/25w5786x3hv1f0psqfxzp7m80000gn/T/fire_emu_31908.sock {"metadata":{"emulator":{"name":"functions"},"message":"[worker-us-central1-app-198c8b7e-343b-41dc-9340-aebcb585f543]: Assigning socketPath: /var/folders/39/25w5786x3hv1f0psqfxzp7m80000gn/T/fire_emu_31908.sock"}}
[debug] [2021-05-27T19:13:14.562Z] [worker-us-central1-app-198c8b7e-343b-41dc-9340-aebcb585f543]: BUSY {"metadata":{"emulator":{"name":"functions"},"message":"[worker-us-central1-app-198c8b7e-343b-41dc-9340-aebcb585f543]: BUSY"}}
[debug] [2021-05-27T19:13:14.670Z] [runtime-status] [31908] Functions runtime initialized. {"cwd":"/Users/ductannguyen/Desktop/ASRBackEnd/functions","node_version":"14.16.1"} {"metadata":{"emulator":{"name":"functions"},"function":{"name":"us-central1-app"},"message":"[runtime-status] [31908] Functions runtime initialized. {\"cwd\":\"/Users/ductannguyen/Desktop/ASRBackEnd/functions\",\"node_version\":\"14.16.1\"}"}}
[debug] [2021-05-27T19:13:14.671Z] [runtime-status] [31908] Disabled runtime features: undefined {"metadata":{"emulator":{"name":"functions"},"function":{"name":"us-central1-app"},"message":"[runtime-status] [31908] Disabled runtime features: undefined"}}
[debug] [2021-05-27T19:13:14.672Z] [runtime-status] [31908] Resolved module firebase-admin {"declared":true,"installed":true,"version":"9.9.0","resolution":"/Users/ductannguyen/Desktop/ASRBackEnd/functions/node_modules/firebase-admin/lib/index.js"} {"metadata":{"emulator":{"name":"functions"},"function":{"name":"us-central1-app"},"message":"[runtime-status] [31908] Resolved module firebase-admin {\"declared\":true,\"installed\":true,\"version\":\"9.9.0\",\"resolution\":\"/Users/ductannguyen/Desktop/ASRBackEnd/functions/node_modules/firebase-admin/lib/index.js\"}"}}
[debug] [2021-05-27T19:13:14.673Z] [runtime-status] [31908] Resolved module firebase-functions {"declared":true,"installed":true,"version":"3.14.1","resolution":"/Users/ductannguyen/Desktop/ASRBackEnd/functions/node_modules/firebase-functions/lib/index.js"} {"metadata":{"emulator":{"name":"functions"},"function":{"name":"us-central1-app"},"message":"[runtime-status] [31908] Resolved module firebase-functions {\"declared\":true,\"installed\":true,\"version\":\"3.14.1\",\"resolution\":\"/Users/ductannguyen/Desktop/ASRBackEnd/functions/node_modules/firebase-functions/lib/index.js\"}"}}
[debug] [2021-05-27T19:13:14.674Z] [runtime-status] [31908] Resolved module firebase-functions {"declared":true,"installed":true,"version":"3.14.1","resolution":"/Users/ductannguyen/Desktop/ASRBackEnd/functions/node_modules/firebase-functions/lib/index.js"} {"metadata":{"emulator":{"name":"functions"},"function":{"name":"us-central1-app"},"message":"[runtime-status] [31908] Resolved module firebase-functions {\"declared\":true,\"installed\":true,\"version\":\"3.14.1\",\"resolution\":\"/Users/ductannguyen/Desktop/ASRBackEnd/functions/node_modules/firebase-functions/lib/index.js\"}"}}
[debug] [2021-05-27T19:13:14.676Z] [runtime-status] [31908] Outgoing network have been stubbed. [{"name":"http","status":"mocked"},{"name":"http","status":"mocked"},{"name":"https","status":"mocked"},{"name":"https","status":"mocked"},{"name":"net","status":"mocked"}] {"metadata":{"emulator":{"name":"functions"},"function":{"name":"us-central1-app"},"message":"[runtime-status] [31908] Outgoing network have been stubbed. [{\"name\":\"http\",\"status\":\"mocked\"},{\"name\":\"http\",\"status\":\"mocked\"},{\"name\":\"https\",\"status\":\"mocked\"},{\"name\":\"https\",\"status\":\"mocked\"},{\"name\":\"net\",\"status\":\"mocked\"}]"}}
[debug] [2021-05-27T19:13:14.678Z] [runtime-status] [31908] Resolved module firebase-functions {"declared":true,"installed":true,"version":"3.14.1","resolution":"/Users/ductannguyen/Desktop/ASRBackEnd/functions/node_modules/firebase-functions/lib/index.js"} {"metadata":{"emulator":{"name":"functions"},"function":{"name":"us-central1-app"},"message":"[runtime-status] [31908] Resolved module firebase-functions {\"declared\":true,\"installed\":true,\"version\":\"3.14.1\",\"resolution\":\"/Users/ductannguyen/Desktop/ASRBackEnd/functions/node_modules/firebase-functions/lib/index.js\"}"}}
[debug] [2021-05-27T19:13:14.703Z] [runtime-status] [31908] Checked functions.config() {"config":{}} {"metadata":{"emulator":{"name":"functions"},"function":{"name":"us-central1-app"},"message":"[runtime-status] [31908] Checked functions.config() {\"config\":{}}"}}
[debug] [2021-05-27T19:13:14.703Z] [runtime-status] [31908] firebase-functions has been stubbed. {"functionsResolution":{"declared":true,"installed":true,"version":"3.14.1","resolution":"/Users/ductannguyen/Desktop/ASRBackEnd/functions/node_modules/firebase-functions/lib/index.js"}} {"metadata":{"emulator":{"name":"functions"},"function":{"name":"us-central1-app"},"message":"[runtime-status] [31908] firebase-functions has been stubbed. {\"functionsResolution\":{\"declared\":true,\"installed\":true,\"version\":\"3.14.1\",\"resolution\":\"/Users/ductannguyen/Desktop/ASRBackEnd/functions/node_modules/firebase-functions/lib/index.js\"}}"}}
[debug] [2021-05-27T19:13:14.703Z] [runtime-status] [31908] Resolved module firebase-functions {"declared":true,"installed":true,"version":"3.14.1","resolution":"/Users/ductannguyen/Desktop/ASRBackEnd/functions/node_modules/firebase-functions/lib/index.js"} {"metadata":{"emulator":{"name":"functions"},"function":{"name":"us-central1-app"},"message":"[runtime-status] [31908] Resolved module firebase-functions {\"declared\":true,\"installed\":true,\"version\":\"3.14.1\",\"resolution\":\"/Users/ductannguyen/Desktop/ASRBackEnd/functions/node_modules/firebase-functions/lib/index.js\"}"}}
[debug] [2021-05-27T19:13:14.704Z] [runtime-status] [31908] Resolved module firebase-admin {"declared":true,"installed":true,"version":"9.9.0","resolution":"/Users/ductannguyen/Desktop/ASRBackEnd/functions/node_modules/firebase-admin/lib/index.js"} {"metadata":{"emulator":{"name":"functions"},"function":{"name":"us-central1-app"},"message":"[runtime-status] [31908] Resolved module firebase-admin {\"declared\":true,\"installed\":true,\"version\":\"9.9.0\",\"resolution\":\"/Users/ductannguyen/Desktop/ASRBackEnd/functions/node_modules/firebase-admin/lib/index.js\"}"}}
[debug] [2021-05-27T19:13:14.704Z] [runtime-status] [31908] Resolved module firebase-functions {"declared":true,"installed":true,"version":"3.14.1","resolution":"/Users/ductannguyen/Desktop/ASRBackEnd/functions/node_modules/firebase-functions/lib/index.js"} {"metadata":{"emulator":{"name":"functions"},"function":{"name":"us-central1-app"},"message":"[runtime-status] [31908] Resolved module firebase-functions {\"declared\":true,\"installed\":true,\"version\":\"3.14.1\",\"resolution\":\"/Users/ductannguyen/Desktop/ASRBackEnd/functions/node_modules/firebase-functions/lib/index.js\"}"}}
[debug] [2021-05-27T19:13:14.704Z] [runtime-status] [31908] firebase-admin has been stubbed. {"adminResolution":{"declared":true,"installed":true,"version":"9.9.0","resolution":"/Users/ductannguyen/Desktop/ASRBackEnd/functions/node_modules/firebase-admin/lib/index.js"}} {"metadata":{"emulator":{"name":"functions"},"function":{"name":"us-central1-app"},"message":"[runtime-status] [31908] firebase-admin has been stubbed. {\"adminResolution\":{\"declared\":true,\"installed\":true,\"version\":\"9.9.0\",\"resolution\":\"/Users/ductannguyen/Desktop/ASRBackEnd/functions/node_modules/firebase-admin/lib/index.js\"}}"}}
[debug] [2021-05-27T19:13:14.948Z] [runtime-status] [31908] Trigger "us-central1-app" has been found, beginning invocation! {"metadata":{"emulator":{"name":"functions"},"function":{"name":"us-central1-app"},"message":"[runtime-status] [31908] Trigger \"us-central1-app\" has been found, beginning invocation!"}}
[info] i  functions: Beginning execution of "us-central1-app" {"metadata":{"emulator":{"name":"functions"},"function":{"name":"us-central1-app"},"message":"Beginning execution of \"us-central1-app\""}}
[debug] [2021-05-27T19:13:14.948Z] [runtime-status] [31908] triggerDefinition {"httpsTrigger":{},"name":"app","entryPoint":"app","regions":["us-central1"],"region":"us-central1","id":"us-central1-app"} {"metadata":{"emulator":{"name":"functions"},"function":{"name":"us-central1-app"},"message":"[runtime-status] [31908] triggerDefinition {\"httpsTrigger\":{},\"name\":\"app\",\"entryPoint\":\"app\",\"regions\":[\"us-central1\"],\"region\":\"us-central1\",\"id\":\"us-central1-app\"}"}}
[debug] [2021-05-27T19:13:14.948Z] [runtime-status] [31908] Running us-central1-app in mode HTTPS {"metadata":{"emulator":{"name":"functions"},"function":{"name":"us-central1-app"},"message":"[runtime-status] [31908] Running us-central1-app in mode HTTPS"}}
[debug] [2021-05-27T19:13:14.951Z] [runtime-status] [31908] Attempting to listen to socketPath: /var/folders/39/25w5786x3hv1f0psqfxzp7m80000gn/T/fire_emu_31908.sock {"metadata":{"emulator":{"name":"functions"},"function":{"name":"us-central1-app"},"message":"[runtime-status] [31908] Attempting to listen to socketPath: /var/folders/39/25w5786x3hv1f0psqfxzp7m80000gn/T/fire_emu_31908.sock"}}
[debug] [2021-05-27T19:13:14.956Z] [functions] Runtime ready! Sending request! {"metadata":{"emulator":{"name":"functions"},"message":"[functions] Runtime ready! Sending request!"}}
[debug] [2021-05-27T19:13:14.956Z] [functions] Got req.url=/asrbackend-3f0b2/us-central1/app/speech, mapping to path=/speech {"metadata":{"emulator":{"name":"functions"},"message":"[functions] Got req.url=/asrbackend-3f0b2/us-central1/app/speech, mapping to path=/speech"}}
[debug] [2021-05-27T19:13:14.961Z] [runtime-status] [31908] Ephemeral server handling GET request {"metadata":{"emulator":{"name":"functions"},"function":{"name":"us-central1-app"},"message":"[runtime-status] [31908] Ephemeral server handling GET request"}}
[info] >  undefined {"user":"undefined","metadata":{"emulator":{"name":"functions"},"function":{"name":"us-central1-app"},"message":"\u001b[90m> \u001b[39m undefined"}}
[debug] [2021-05-27T19:13:14.963Z] [runtime-status] [31908] Ephemeral server survived. {"metadata":{"emulator":{"name":"functions"},"function":{"name":"us-central1-app"},"message":"[runtime-status] [31908] Ephemeral server survived."}}
[debug] [2021-05-27T19:13:16.821Z] <<< [apiv2][status] GET http://localhost:5001/asrbackend-3f0b2/us-central1/app/speech 200
[debug] [2021-05-27T19:13:16.822Z] <<< [apiv2][body] GET http://localhost:5001/asrbackend-3f0b2/us-central1/app/speech [stream]
[info] i  hosting: 127.0.0.1 - - [27/May/2021:19:13:16 +0000] "GET /speech HTTP/1.1" 200 74 "-" "Mozilla/5.0 (Macintosh; Intel Mac OS X 10_15_7) AppleWebKit/605.1.15 (KHTML, like Gecko) Version/14.1 Safari/605.1.15" {"metadata":{"emulator":{"name":"hosting"},"message":"127.0.0.1 - - [27/May/2021:19:13:16 +0000] \"GET /speech HTTP/1.1\" 200 74 \"-\" \"Mozilla/5.0 (Macintosh; Intel Mac OS X 10_15_7) AppleWebKit/605.1.15 (KHTML, like Gecko) Version/14.1 Safari/605.1.15\""}}
[info] i  functions: Finished "us-central1-app" in ~1s {"metadata":{"emulator":{"name":"functions"},"function":{"name":"us-central1-app"},"message":"Finished \"us-central1-app\" in ~1s"}}
[debug] [2021-05-27T19:13:16.825Z] [worker-us-central1-app-198c8b7e-343b-41dc-9340-aebcb585f543]: IDLE {"metadata":{"emulator":{"name":"functions"},"message":"[worker-us-central1-app-198c8b7e-343b-41dc-9340-aebcb585f543]: IDLE"}}
[debug] [2021-05-27T19:13:16.825Z] [work-queue] {"queueLength":0,"workRunningCount":0}
[info] [hosting] Rewriting /speech to http://localhost:5001/asrbackend-3f0b2/us-central1/app for local Function app
[debug] [2021-05-27T19:13:40.381Z] >>> [apiv2][query] GET http://localhost:5001/asrbackend-3f0b2/us-central1/app/speech 
[debug] [2021-05-27T19:13:40.395Z] [work-queue] {"queueLength":1,"workRunningCount":0}
[debug] [2021-05-27T19:13:40.395Z] [work-queue] {"queueLength":0,"workRunningCount":1}
[debug] [2021-05-27T19:13:40.395Z] Accepted request GET /asrbackend-3f0b2/us-central1/app/speech --> us-central1-app
[debug] [2021-05-27T19:13:40.396Z] [worker-pool] submitWork(triggerId=us-central1-app) {"metadata":{"emulator":{"name":"functions"},"message":"[worker-pool] submitWork(triggerId=us-central1-app)"}}
[debug] [2021-05-27T19:13:40.396Z] [worker-us-central1-app-198c8b7e-343b-41dc-9340-aebcb585f543]: Assigning socketPath: /var/folders/39/25w5786x3hv1f0psqfxzp7m80000gn/T/fire_emu_31908.sock {"metadata":{"emulator":{"name":"functions"},"message":"[worker-us-central1-app-198c8b7e-343b-41dc-9340-aebcb585f543]: Assigning socketPath: /var/folders/39/25w5786x3hv1f0psqfxzp7m80000gn/T/fire_emu_31908.sock"}}
[debug] [2021-05-27T19:13:40.396Z] [worker-us-central1-app-198c8b7e-343b-41dc-9340-aebcb585f543]: BUSY {"metadata":{"emulator":{"name":"functions"},"message":"[worker-us-central1-app-198c8b7e-343b-41dc-9340-aebcb585f543]: BUSY"}}
[debug] [2021-05-27T19:13:40.484Z] [runtime-status] [31908] Trigger "us-central1-app" has been found, beginning invocation! {"metadata":{"emulator":{"name":"functions"},"function":{"name":"us-central1-app"},"message":"[runtime-status] [31908] Trigger \"us-central1-app\" has been found, beginning invocation!"}}
[info] i  functions: Beginning execution of "us-central1-app" {"metadata":{"emulator":{"name":"functions"},"function":{"name":"us-central1-app"},"message":"Beginning execution of \"us-central1-app\""}}
[debug] [2021-05-27T19:13:40.486Z] [runtime-status] [31908] triggerDefinition {"httpsTrigger":{},"name":"app","entryPoint":"app","regions":["us-central1"],"region":"us-central1","id":"us-central1-app"} {"metadata":{"emulator":{"name":"functions"},"function":{"name":"us-central1-app"},"message":"[runtime-status] [31908] triggerDefinition {\"httpsTrigger\":{},\"name\":\"app\",\"entryPoint\":\"app\",\"regions\":[\"us-central1\"],\"region\":\"us-central1\",\"id\":\"us-central1-app\"}"}}
[debug] [2021-05-27T19:13:40.486Z] [runtime-status] [31908] Running us-central1-app in mode HTTPS {"metadata":{"emulator":{"name":"functions"},"function":{"name":"us-central1-app"},"message":"[runtime-status] [31908] Running us-central1-app in mode HTTPS"}}
[debug] [2021-05-27T19:13:40.487Z] [runtime-status] [31908] Attempting to listen to socketPath: /var/folders/39/25w5786x3hv1f0psqfxzp7m80000gn/T/fire_emu_31908.sock {"metadata":{"emulator":{"name":"functions"},"function":{"name":"us-central1-app"},"message":"[runtime-status] [31908] Attempting to listen to socketPath: /var/folders/39/25w5786x3hv1f0psqfxzp7m80000gn/T/fire_emu_31908.sock"}}
[debug] [2021-05-27T19:13:40.490Z] [functions] Runtime ready! Sending request! {"metadata":{"emulator":{"name":"functions"},"message":"[functions] Runtime ready! Sending request!"}}
[debug] [2021-05-27T19:13:40.490Z] [functions] Got req.url=/asrbackend-3f0b2/us-central1/app/speech, mapping to path=/speech {"metadata":{"emulator":{"name":"functions"},"message":"[functions] Got req.url=/asrbackend-3f0b2/us-central1/app/speech, mapping to path=/speech"}}
[debug] [2021-05-27T19:13:40.494Z] [runtime-status] [31908] Ephemeral server handling GET request {"metadata":{"emulator":{"name":"functions"},"function":{"name":"us-central1-app"},"message":"[runtime-status] [31908] Ephemeral server handling GET request"}}
[info] >  undefined {"user":"undefined","metadata":{"emulator":{"name":"functions"},"function":{"name":"us-central1-app"},"message":"\u001b[90m> \u001b[39m undefined"}}
[debug] [2021-05-27T19:13:40.502Z] [runtime-status] [31908] Ephemeral server survived. {"metadata":{"emulator":{"name":"functions"},"function":{"name":"us-central1-app"},"message":"[runtime-status] [31908] Ephemeral server survived."}}
[debug] [2021-05-27T19:13:41.982Z] <<< [apiv2][status] GET http://localhost:5001/asrbackend-3f0b2/us-central1/app/speech 200
[debug] [2021-05-27T19:13:41.982Z] <<< [apiv2][body] GET http://localhost:5001/asrbackend-3f0b2/us-central1/app/speech [stream]
[info] i  hosting: 127.0.0.1 - - [27/May/2021:19:13:41 +0000] "GET /speech HTTP/1.1" 200 74 "-" "YJS/Build%201 CFNetwork/1220.1 Darwin/20.4.0" {"metadata":{"emulator":{"name":"hosting"},"message":"127.0.0.1 - - [27/May/2021:19:13:41 +0000] \"GET /speech HTTP/1.1\" 200 74 \"-\" \"YJS/Build%201 CFNetwork/1220.1 Darwin/20.4.0\""}}
[info] i  functions: Finished "us-central1-app" in ~1s {"metadata":{"emulator":{"name":"functions"},"function":{"name":"us-central1-app"},"message":"Finished \"us-central1-app\" in ~1s"}}
[debug] [2021-05-27T19:13:41.984Z] [worker-us-central1-app-198c8b7e-343b-41dc-9340-aebcb585f543]: IDLE {"metadata":{"emulator":{"name":"functions"},"message":"[worker-us-central1-app-198c8b7e-343b-41dc-9340-aebcb585f543]: IDLE"}}
[debug] [2021-05-27T19:13:41.985Z] [work-queue] {"queueLength":0,"workRunningCount":0}
[info] [hosting] Rewriting /speech to http://localhost:5001/asrbackend-3f0b2/us-central1/app for local Function app
[debug] [2021-05-27T19:36:07.003Z] >>> [apiv2][query] GET http://localhost:5001/asrbackend-3f0b2/us-central1/app/speech 
[debug] [2021-05-27T19:36:07.018Z] [work-queue] {"queueLength":1,"workRunningCount":0}
[debug] [2021-05-27T19:36:07.018Z] [work-queue] {"queueLength":0,"workRunningCount":1}
[debug] [2021-05-27T19:36:07.019Z] Accepted request GET /asrbackend-3f0b2/us-central1/app/speech --> us-central1-app
[debug] [2021-05-27T19:36:07.019Z] [worker-pool] submitWork(triggerId=us-central1-app) {"metadata":{"emulator":{"name":"functions"},"message":"[worker-pool] submitWork(triggerId=us-central1-app)"}}
[debug] [2021-05-27T19:36:07.019Z] [worker-us-central1-app-198c8b7e-343b-41dc-9340-aebcb585f543]: Assigning socketPath: /var/folders/39/25w5786x3hv1f0psqfxzp7m80000gn/T/fire_emu_31908.sock {"metadata":{"emulator":{"name":"functions"},"message":"[worker-us-central1-app-198c8b7e-343b-41dc-9340-aebcb585f543]: Assigning socketPath: /var/folders/39/25w5786x3hv1f0psqfxzp7m80000gn/T/fire_emu_31908.sock"}}
[debug] [2021-05-27T19:36:07.020Z] [worker-us-central1-app-198c8b7e-343b-41dc-9340-aebcb585f543]: BUSY {"metadata":{"emulator":{"name":"functions"},"message":"[worker-us-central1-app-198c8b7e-343b-41dc-9340-aebcb585f543]: BUSY"}}
[debug] [2021-05-27T19:36:07.048Z] [runtime-status] [31908] Trigger "us-central1-app" has been found, beginning invocation! {"metadata":{"emulator":{"name":"functions"},"function":{"name":"us-central1-app"},"message":"[runtime-status] [31908] Trigger \"us-central1-app\" has been found, beginning invocation!"}}
[info] i  functions: Beginning execution of "us-central1-app" {"metadata":{"emulator":{"name":"functions"},"function":{"name":"us-central1-app"},"message":"Beginning execution of \"us-central1-app\""}}
[debug] [2021-05-27T19:36:07.049Z] [runtime-status] [31908] triggerDefinition {"httpsTrigger":{},"name":"app","entryPoint":"app","regions":["us-central1"],"region":"us-central1","id":"us-central1-app"} {"metadata":{"emulator":{"name":"functions"},"function":{"name":"us-central1-app"},"message":"[runtime-status] [31908] triggerDefinition {\"httpsTrigger\":{},\"name\":\"app\",\"entryPoint\":\"app\",\"regions\":[\"us-central1\"],\"region\":\"us-central1\",\"id\":\"us-central1-app\"}"}}
[debug] [2021-05-27T19:36:07.049Z] [runtime-status] [31908] Running us-central1-app in mode HTTPS {"metadata":{"emulator":{"name":"functions"},"function":{"name":"us-central1-app"},"message":"[runtime-status] [31908] Running us-central1-app in mode HTTPS"}}
[debug] [2021-05-27T19:36:07.059Z] [runtime-status] [31908] Attempting to listen to socketPath: /var/folders/39/25w5786x3hv1f0psqfxzp7m80000gn/T/fire_emu_31908.sock {"metadata":{"emulator":{"name":"functions"},"function":{"name":"us-central1-app"},"message":"[runtime-status] [31908] Attempting to listen to socketPath: /var/folders/39/25w5786x3hv1f0psqfxzp7m80000gn/T/fire_emu_31908.sock"}}
[debug] [2021-05-27T19:36:07.064Z] [functions] Runtime ready! Sending request! {"metadata":{"emulator":{"name":"functions"},"message":"[functions] Runtime ready! Sending request!"}}
[debug] [2021-05-27T19:36:07.065Z] [functions] Got req.url=/asrbackend-3f0b2/us-central1/app/speech, mapping to path=/speech {"metadata":{"emulator":{"name":"functions"},"message":"[functions] Got req.url=/asrbackend-3f0b2/us-central1/app/speech, mapping to path=/speech"}}
[debug] [2021-05-27T19:36:07.072Z] [runtime-status] [31908] Ephemeral server handling GET request {"metadata":{"emulator":{"name":"functions"},"function":{"name":"us-central1-app"},"message":"[runtime-status] [31908] Ephemeral server handling GET request"}}
[info] >  undefined {"user":"undefined","metadata":{"emulator":{"name":"functions"},"function":{"name":"us-central1-app"},"message":"\u001b[90m> \u001b[39m undefined"}}
[debug] [2021-05-27T19:36:07.076Z] [runtime-status] [31908] Ephemeral server survived. {"metadata":{"emulator":{"name":"functions"},"function":{"name":"us-central1-app"},"message":"[runtime-status] [31908] Ephemeral server survived."}}
[debug] [2021-05-27T19:36:08.815Z] <<< [apiv2][status] GET http://localhost:5001/asrbackend-3f0b2/us-central1/app/speech 200
[debug] [2021-05-27T19:36:08.815Z] <<< [apiv2][body] GET http://localhost:5001/asrbackend-3f0b2/us-central1/app/speech [stream]
[info] i  hosting: 127.0.0.1 - - [27/May/2021:19:36:08 +0000] "GET /speech HTTP/1.1" 200 74 "-" "YJS/Build%201 CFNetwork/1220.1 Darwin/20.4.0" {"metadata":{"emulator":{"name":"hosting"},"message":"127.0.0.1 - - [27/May/2021:19:36:08 +0000] \"GET /speech HTTP/1.1\" 200 74 \"-\" \"YJS/Build%201 CFNetwork/1220.1 Darwin/20.4.0\""}}
[info] i  functions: Finished "us-central1-app" in ~1s {"metadata":{"emulator":{"name":"functions"},"function":{"name":"us-central1-app"},"message":"Finished \"us-central1-app\" in ~1s"}}
[debug] [2021-05-27T19:36:08.817Z] [worker-us-central1-app-198c8b7e-343b-41dc-9340-aebcb585f543]: IDLE {"metadata":{"emulator":{"name":"functions"},"message":"[worker-us-central1-app-198c8b7e-343b-41dc-9340-aebcb585f543]: IDLE"}}
[debug] [2021-05-27T19:36:08.817Z] [work-queue] {"queueLength":0,"workRunningCount":0}
[info] [hosting] Rewriting /speech to http://localhost:5001/asrbackend-3f0b2/us-central1/app for local Function app
[debug] [2021-05-27T19:36:50.816Z] >>> [apiv2][query] GET http://localhost:5001/asrbackend-3f0b2/us-central1/app/speech 
[debug] [2021-05-27T19:36:50.825Z] [work-queue] {"queueLength":1,"workRunningCount":0}
[debug] [2021-05-27T19:36:50.825Z] [work-queue] {"queueLength":0,"workRunningCount":1}
[debug] [2021-05-27T19:36:50.826Z] Accepted request GET /asrbackend-3f0b2/us-central1/app/speech --> us-central1-app
[debug] [2021-05-27T19:36:50.827Z] [worker-pool] submitWork(triggerId=us-central1-app) {"metadata":{"emulator":{"name":"functions"},"message":"[worker-pool] submitWork(triggerId=us-central1-app)"}}
[debug] [2021-05-27T19:36:50.831Z] [worker-us-central1-app-198c8b7e-343b-41dc-9340-aebcb585f543]: Assigning socketPath: /var/folders/39/25w5786x3hv1f0psqfxzp7m80000gn/T/fire_emu_31908.sock {"metadata":{"emulator":{"name":"functions"},"message":"[worker-us-central1-app-198c8b7e-343b-41dc-9340-aebcb585f543]: Assigning socketPath: /var/folders/39/25w5786x3hv1f0psqfxzp7m80000gn/T/fire_emu_31908.sock"}}
[debug] [2021-05-27T19:36:50.832Z] [worker-us-central1-app-198c8b7e-343b-41dc-9340-aebcb585f543]: BUSY {"metadata":{"emulator":{"name":"functions"},"message":"[worker-us-central1-app-198c8b7e-343b-41dc-9340-aebcb585f543]: BUSY"}}
[debug] [2021-05-27T19:36:50.856Z] [runtime-status] [31908] Trigger "us-central1-app" has been found, beginning invocation! {"metadata":{"emulator":{"name":"functions"},"function":{"name":"us-central1-app"},"message":"[runtime-status] [31908] Trigger \"us-central1-app\" has been found, beginning invocation!"}}
[info] i  functions: Beginning execution of "us-central1-app" {"metadata":{"emulator":{"name":"functions"},"function":{"name":"us-central1-app"},"message":"Beginning execution of \"us-central1-app\""}}
[debug] [2021-05-27T19:36:50.864Z] [runtime-status] [31908] triggerDefinition {"httpsTrigger":{},"name":"app","entryPoint":"app","regions":["us-central1"],"region":"us-central1","id":"us-central1-app"} {"metadata":{"emulator":{"name":"functions"},"function":{"name":"us-central1-app"},"message":"[runtime-status] [31908] triggerDefinition {\"httpsTrigger\":{},\"name\":\"app\",\"entryPoint\":\"app\",\"regions\":[\"us-central1\"],\"region\":\"us-central1\",\"id\":\"us-central1-app\"}"}}
[debug] [2021-05-27T19:36:50.865Z] [runtime-status] [31908] Running us-central1-app in mode HTTPS {"metadata":{"emulator":{"name":"functions"},"function":{"name":"us-central1-app"},"message":"[runtime-status] [31908] Running us-central1-app in mode HTTPS"}}
[debug] [2021-05-27T19:36:50.918Z] [runtime-status] [31908] Attempting to listen to socketPath: /var/folders/39/25w5786x3hv1f0psqfxzp7m80000gn/T/fire_emu_31908.sock {"metadata":{"emulator":{"name":"functions"},"function":{"name":"us-central1-app"},"message":"[runtime-status] [31908] Attempting to listen to socketPath: /var/folders/39/25w5786x3hv1f0psqfxzp7m80000gn/T/fire_emu_31908.sock"}}
[debug] [2021-05-27T19:36:50.921Z] [functions] Runtime ready! Sending request! {"metadata":{"emulator":{"name":"functions"},"message":"[functions] Runtime ready! Sending request!"}}
[debug] [2021-05-27T19:36:50.921Z] [functions] Got req.url=/asrbackend-3f0b2/us-central1/app/speech, mapping to path=/speech {"metadata":{"emulator":{"name":"functions"},"message":"[functions] Got req.url=/asrbackend-3f0b2/us-central1/app/speech, mapping to path=/speech"}}
[debug] [2021-05-27T19:36:50.927Z] [runtime-status] [31908] Ephemeral server handling GET request {"metadata":{"emulator":{"name":"functions"},"function":{"name":"us-central1-app"},"message":"[runtime-status] [31908] Ephemeral server handling GET request"}}
[info] >  undefined {"user":"undefined","metadata":{"emulator":{"name":"functions"},"function":{"name":"us-central1-app"},"message":"\u001b[90m> \u001b[39m undefined"}}
[debug] [2021-05-27T19:36:50.928Z] [runtime-status] [31908] Ephemeral server survived. {"metadata":{"emulator":{"name":"functions"},"function":{"name":"us-central1-app"},"message":"[runtime-status] [31908] Ephemeral server survived."}}
[debug] [2021-05-27T19:36:52.309Z] <<< [apiv2][status] GET http://localhost:5001/asrbackend-3f0b2/us-central1/app/speech 200
[debug] [2021-05-27T19:36:52.310Z] <<< [apiv2][body] GET http://localhost:5001/asrbackend-3f0b2/us-central1/app/speech [stream]
[info] i  hosting: 127.0.0.1 - - [27/May/2021:19:36:52 +0000] "GET /speech HTTP/1.1" 200 74 "-" "YJS/Build%201 CFNetwork/1220.1 Darwin/20.4.0" {"metadata":{"emulator":{"name":"hosting"},"message":"127.0.0.1 - - [27/May/2021:19:36:52 +0000] \"GET /speech HTTP/1.1\" 200 74 \"-\" \"YJS/Build%201 CFNetwork/1220.1 Darwin/20.4.0\""}}
[info] i  functions: Finished "us-central1-app" in ~1s {"metadata":{"emulator":{"name":"functions"},"function":{"name":"us-central1-app"},"message":"Finished \"us-central1-app\" in ~1s"}}
[debug] [2021-05-27T19:36:52.315Z] [worker-us-central1-app-198c8b7e-343b-41dc-9340-aebcb585f543]: IDLE {"metadata":{"emulator":{"name":"functions"},"message":"[worker-us-central1-app-198c8b7e-343b-41dc-9340-aebcb585f543]: IDLE"}}
[debug] [2021-05-27T19:36:52.315Z] [work-queue] {"queueLength":0,"workRunningCount":0}
